2026-05-26 19:29:14,771 INFO o.a.j.u.JMeterUtils: Setting Locale to en_EN
2026-05-26 19:29:14,787 INFO o.a.j.JMeter: Loading user properties from: C:\Jmeter\bin\user.properties
2026-05-26 19:29:14,788 INFO o.a.j.JMeter: Loading system properties from: C:\Jmeter\bin\system.properties
2026-05-26 19:29:14,792 INFO o.a.j.JMeter: Copyright (c) 1998-2024 The Apache Software Foundation
2026-05-26 19:29:14,792 INFO o.a.j.JMeter: Version 5.6.3
2026-05-26 19:29:14,792 INFO o.a.j.JMeter: java.version=21.0.11
2026-05-26 19:29:14,792 INFO o.a.j.JMeter: java.vm.name=Java HotSpot(TM) 64-Bit Server VM
2026-05-26 19:29:14,792 INFO o.a.j.JMeter: os.name=Windows 11
2026-05-26 19:29:14,792 INFO o.a.j.JMeter: os.arch=amd64
2026-05-26 19:29:14,792 INFO o.a.j.JMeter: os.version=10.0
2026-05-26 19:29:14,792 INFO o.a.j.JMeter: file.encoding=UTF-8
2026-05-26 19:29:14,792 INFO o.a.j.JMeter: java.awt.headless=true
2026-05-26 19:29:14,792 INFO o.a.j.JMeter: Max memory     =1073741824
2026-05-26 19:29:14,792 INFO o.a.j.JMeter: Available Processors =32
2026-05-26 19:29:14,799 INFO o.a.j.JMeter: Default Locale=English (EN)
2026-05-26 19:29:14,799 INFO o.a.j.JMeter: JMeter  Locale=English (EN)
2026-05-26 19:29:14,799 INFO o.a.j.JMeter: JMeterHome=C:\Jmeter
2026-05-26 19:29:14,799 INFO o.a.j.JMeter: user.dir  =C:\Users\ASUS\Desktop\CURSOS\DESPLIEGUE DE SOFTWARE\examendespliegue\api-orders
2026-05-26 19:29:14,799 INFO o.a.j.JMeter: PWD       =C:\Users\ASUS\Desktop\CURSOS\DESPLIEGUE DE SOFTWARE\examendespliegue\api-orders
2026-05-26 19:29:14,814 INFO o.a.j.JMeter: IP: 10.10.10.73 Name: ROG-STRIX-BENJA FullName: 10.10.10.73
2026-05-26 19:29:14,820 INFO o.a.j.JMeter: Setting property 'jmeter.reportgenerator.outputdir' to:'C:\Users\ASUS\Desktop\CURSOS\DESPLIEGUE DE SOFTWARE\examendespliegue\api-orders\reporte_html'
2026-05-26 19:29:14,828 INFO o.a.j.s.FileServer: Default base='C:\Users\ASUS\Desktop\CURSOS\DESPLIEGUE DE SOFTWARE\examendespliegue\api-orders'
2026-05-26 19:29:14,831 INFO o.a.j.s.FileServer: Set new base='C:\Users\ASUS\Desktop\CURSOS\DESPLIEGUE DE SOFTWARE\examendespliegue\api-orders'
2026-05-26 19:29:14,961 INFO o.a.j.s.SaveService: Testplan (JMX) version: 2.2. Testlog (JTL) version: 2.2
2026-05-26 19:29:14,984 INFO o.a.j.s.SaveService: Using SaveService properties version 5.0
2026-05-26 19:29:14,986 INFO o.a.j.s.SaveService: Using SaveService properties file encoding UTF-8
2026-05-26 19:29:14,988 INFO o.a.j.s.SaveService: Loading file: test-plancito.jmx
2026-05-26 19:29:15,022 INFO o.a.j.p.h.s.HTTPSamplerBase: Parser for text/html is org.apache.jmeter.protocol.http.parser.LagartoBasedHtmlParser
2026-05-26 19:29:15,022 INFO o.a.j.p.h.s.HTTPSamplerBase: Parser for application/xhtml+xml is org.apache.jmeter.protocol.http.parser.LagartoBasedHtmlParser
2026-05-26 19:29:15,022 INFO o.a.j.p.h.s.HTTPSamplerBase: Parser for application/xml is org.apache.jmeter.protocol.http.parser.LagartoBasedHtmlParser
2026-05-26 19:29:15,023 INFO o.a.j.p.h.s.HTTPSamplerBase: Parser for text/xml is org.apache.jmeter.protocol.http.parser.LagartoBasedHtmlParser
2026-05-26 19:29:15,023 INFO o.a.j.p.h.s.HTTPSamplerBase: Parser for text/vnd.wap.wml is org.apache.jmeter.protocol.http.parser.RegexpHTMLParser
2026-05-26 19:29:15,023 INFO o.a.j.p.h.s.HTTPSamplerBase: Parser for text/css is org.apache.jmeter.protocol.http.parser.CssParser
2026-05-26 19:29:15,028 INFO o.a.j.JMeter: Creating summariser <summary>
2026-05-26 19:29:15,034 INFO o.a.j.r.d.ReportGenerator: ReportGenerator will use for Parsing the separator: ','
2026-05-26 19:29:15,035 INFO o.a.j.r.d.ReportGenerator: Will generate report at end of test from  results file: resultados.jtl
2026-05-26 19:29:15,035 INFO o.a.j.r.d.ReportGenerator: Reading report generator properties from: C:\Jmeter\bin\reportgenerator.properties
2026-05-26 19:29:15,035 INFO o.a.j.r.d.ReportGenerator: Merging with JMeter properties
2026-05-26 19:29:15,037 INFO o.a.j.r.c.ReportGeneratorConfiguration: Property 'jmeter.reportgenerator.temp_dir' not found, using default value 'temp' instead.
2026-05-26 19:29:15,038 INFO o.a.j.r.c.ReportGeneratorConfiguration: Property 'jmeter.reportgenerator.apdex_per_transaction' not found, using default value 'null' instead.
2026-05-26 19:29:15,038 INFO o.a.j.r.c.ReportGeneratorConfiguration: apdex_per_transaction is empty, not APDEX per transaction customization
2026-05-26 19:29:15,038 INFO o.a.j.r.c.ReportGeneratorConfiguration: Property 'jmeter.reportgenerator.sample_filter' not found, using default value 'null' instead.
2026-05-26 19:29:15,038 INFO o.a.j.r.c.ReportGeneratorConfiguration: Property 'jmeter.reportgenerator.report_title' not found, using default value 'null' instead.
2026-05-26 19:29:15,038 INFO o.a.j.r.c.ReportGeneratorConfiguration: Property 'jmeter.reportgenerator.start_date' not found, using default value 'null' instead.
2026-05-26 19:29:15,038 INFO o.a.j.r.c.ReportGeneratorConfiguration: Property 'jmeter.reportgenerator.end_date' not found, using default value 'null' instead.
2026-05-26 19:29:15,038 INFO o.a.j.r.c.ReportGeneratorConfiguration: Property 'jmeter.reportgenerator.date_format' not found, using default value 'null' instead.
2026-05-26 19:29:15,038 INFO o.a.j.r.c.ReportGeneratorConfiguration: Will use date range start date: null, end date: null
2026-05-26 19:29:15,040 INFO o.a.j.r.c.ReportGeneratorConfiguration: Property 'jmeter.reportgenerator.graph.totalTPS.exclude_controllers' not found, using default value 'false' instead.
2026-05-26 19:29:15,040 INFO o.a.j.r.c.ReportGeneratorConfiguration: Property 'jmeter.reportgenerator.graph.activeThreadsOverTime.exclude_controllers' not found, using default value 'false' instead.
2026-05-26 19:29:15,040 INFO o.a.j.r.c.ReportGeneratorConfiguration: Property 'jmeter.reportgenerator.graph.timeVsThreads.exclude_controllers' not found, using default value 'false' instead.
2026-05-26 19:29:15,040 INFO o.a.j.r.c.ReportGeneratorConfiguration: Property 'jmeter.reportgenerator.graph.responseTimeDistribution.exclude_controllers' not found, using default value 'false' instead.
2026-05-26 19:29:15,040 INFO o.a.j.r.c.ReportGeneratorConfiguration: Property 'jmeter.reportgenerator.graph.transactionsPerSecond.exclude_controllers' not found, using default value 'false' instead.
2026-05-26 19:29:15,041 INFO o.a.j.r.c.ReportGeneratorConfiguration: Property 'jmeter.reportgenerator.graph.responseTimePercentiles.exclude_controllers' not found, using default value 'false' instead.
2026-05-26 19:29:15,041 INFO o.a.j.r.c.ReportGeneratorConfiguration: Property 'jmeter.reportgenerator.graph.responseTimePercentilesOverTime.exclude_controllers' not found, using default value 'false' instead.
2026-05-26 19:29:15,041 INFO o.a.j.r.c.ReportGeneratorConfiguration: Property 'jmeter.reportgenerator.graph.responseTimesOverTime.exclude_controllers' not found, using default value 'false' instead.
2026-05-26 19:29:15,041 INFO o.a.j.r.c.ReportGeneratorConfiguration: Property 'jmeter.reportgenerator.graph.connectTimeOverTime.exclude_controllers' not found, using default value 'false' instead.
2026-05-26 19:29:15,041 INFO o.a.j.r.c.ReportGeneratorConfiguration: Property 'jmeter.reportgenerator.graph.latenciesOverTime.exclude_controllers' not found, using default value 'false' instead.
2026-05-26 19:29:15,043 INFO o.a.j.r.c.ReportGeneratorConfiguration: Property 'jmeter.reportgenerator.exporter.json.filters_only_sample_series' not found, using default value 'true' instead.
2026-05-26 19:29:15,043 INFO o.a.j.r.c.ReportGeneratorConfiguration: Property 'jmeter.reportgenerator.exporter.json.series_filter' not found, using default value '' instead.
2026-05-26 19:29:15,043 INFO o.a.j.r.c.ReportGeneratorConfiguration: Property 'jmeter.reportgenerator.exporter.json.show_controllers_only' not found, using default value 'false' instead.
2026-05-26 19:29:15,043 INFO o.a.j.r.c.ReportGeneratorConfiguration: Property 'jmeter.reportgenerator.exporter.html.filters_only_sample_series' not found, using default value 'true' instead.
2026-05-26 19:29:15,043 INFO o.a.j.r.c.ReportGeneratorConfiguration: Property 'jmeter.reportgenerator.exporter.html.series_filter' not found, using default value '' instead.
2026-05-26 19:29:15,044 INFO o.a.j.r.c.ReportGeneratorConfiguration: Property 'jmeter.reportgenerator.exporter.html.show_controllers_only' not found, using default value 'false' instead.
2026-05-26 19:29:15,051 INFO o.a.j.e.StandardJMeterEngine: Running the test!
2026-05-26 19:29:15,051 INFO o.a.j.s.SampleEvent: List of sample_variables: []
2026-05-26 19:29:15,051 INFO o.a.j.s.SampleEvent: List of sample_variables: []
2026-05-26 19:29:15,053 INFO o.a.j.e.u.CompoundVariable: Note: Function class names must contain the string: '.functions.'
2026-05-26 19:29:15,053 INFO o.a.j.e.u.CompoundVariable: Note: Function class names must not contain the string: '.gui.'
2026-05-26 19:29:15,096 INFO o.a.j.JMeter: Running test (1779841755096)
2026-05-26 19:29:15,108 INFO o.a.j.e.StandardJMeterEngine: Starting ThreadGroup: 1 : Thread Group
2026-05-26 19:29:15,108 INFO o.a.j.e.StandardJMeterEngine: Starting 200 threads for group Thread Group.
2026-05-26 19:29:15,108 INFO o.a.j.e.StandardJMeterEngine: Thread will continue on error
2026-05-26 19:29:15,108 INFO o.a.j.t.ThreadGroup: Starting thread group... number=1 threads=200 ramp-up=10 delayedStart=false
2026-05-26 19:29:15,117 INFO o.a.j.t.JMeterThread: Thread started: Thread Group 1-1
2026-05-26 19:29:15,135 INFO o.a.j.p.h.s.HTTPHCAbstractImpl: Local host = ROG-STRIX-BENJA
2026-05-26 19:29:15,149 INFO o.a.j.p.h.s.HTTPHC4Impl: HTTP request retry count = 0
2026-05-26 19:29:15,152 INFO o.a.j.s.SampleResult: Note: Sample TimeStamps are START times
2026-05-26 19:29:15,153 INFO o.a.j.s.SampleResult: sampleresult.default.encoding is set to UTF-8
2026-05-26 19:29:15,153 INFO o.a.j.s.SampleResult: sampleresult.useNanoTime=true
2026-05-26 19:29:15,153 INFO o.a.j.s.SampleResult: sampleresult.nanoThreadSleep=5000
2026-05-26 19:29:15,157 INFO o.a.j.t.ThreadGroup: Started thread group number 1
2026-05-26 19:29:15,157 INFO o.a.j.e.StandardJMeterEngine: All thread groups have been started
2026-05-26 19:29:15,165 INFO o.a.j.t.JMeterThread: Thread started: Thread Group 1-2
2026-05-26 19:29:15,215 INFO o.a.j.t.JMeterThread: Thread started: Thread Group 1-3
2026-05-26 19:29:15,264 INFO o.a.j.t.JMeterThread: Thread started: Thread Group 1-4
2026-05-26 19:29:15,315 INFO o.a.j.t.JMeterThread: Thread started: Thread Group 1-5
2026-05-26 19:29:15,365 INFO o.a.j.t.JMeterThread: Thread started: Thread Group 1-6
2026-05-26 19:29:15,413 INFO o.a.j.t.JMeterThread: Thread started: Thread Group 1-7
2026-05-26 19:29:15,450 INFO o.a.j.t.JMeterThread: Thread is done: Thread Group 1-2
2026-05-26 19:29:15,451 INFO o.a.j.t.JMeterThread: Thread is done: Thread Group 1-1
2026-05-26 19:29:15,450 INFO o.a.j.t.JMeterThread: Thread is done: Thread Group 1-3
2026-05-26 19:29:15,450 INFO o.a.j.t.JMeterThread: Thread is done: Thread Group 1-6
2026-05-26 19:29:15,450 INFO o.a.j.t.JMeterThread: Thread is done: Thread Group 1-5
2026-05-26 19:29:15,451 INFO o.a.j.t.JMeterThread: Thread finished: Thread Group 1-1
2026-05-26 19:29:15,451 INFO o.a.j.t.JMeterThread: Thread is done: Thread Group 1-7
2026-05-26 19:29:15,450 INFO o.a.j.t.JMeterThread: Thread is done: Thread Group 1-4
2026-05-26 19:29:15,451 INFO o.a.j.t.JMeterThread: Thread finished: Thread Group 1-6
2026-05-26 19:29:15,451 INFO o.a.j.t.JMeterThread: Thread finished: Thread Group 1-7
2026-05-26 19:29:15,451 INFO o.a.j.t.JMeterThread: Thread finished: Thread Group 1-4
2026-05-26 19:29:15,451 INFO o.a.j.t.JMeterThread: Thread finished: Thread Group 1-2
2026-05-26 19:29:15,451 INFO o.a.j.t.JMeterThread: Thread finished: Thread Group 1-5
2026-05-26 19:29:15,451 INFO o.a.j.t.JMeterThread: Thread finished: Thread Group 1-3
2026-05-26 19:29:15,462 INFO o.a.j.t.JMeterThread: Thread started: Thread Group 1-8
2026-05-26 19:29:15,468 INFO o.a.j.t.JMeterThread: Thread is done: Thread Group 1-8
2026-05-26 19:29:15,468 INFO o.a.j.t.JMeterThread: Thread finished: Thread Group 1-8
2026-05-26 19:29:15,513 INFO o.a.j.t.JMeterThread: Thread started: Thread Group 1-9
2026-05-26 19:29:15,520 INFO o.a.j.t.JMeterThread: Thread is done: Thread Group 1-9
2026-05-26 19:29:15,520 INFO o.a.j.t.JMeterThread: Thread finished: Thread Group 1-9
2026-05-26 19:29:15,562 INFO o.a.j.t.JMeterThread: Thread started: Thread Group 1-10
2026-05-26 19:29:15,571 INFO o.a.j.t.JMeterThread: Thread is done: Thread Group 1-10
2026-05-26 19:29:15,571 INFO o.a.j.t.JMeterThread: Thread finished: Thread Group 1-10
2026-05-26 19:29:15,613 INFO o.a.j.t.JMeterThread: Thread started: Thread Group 1-11
2026-05-26 19:29:15,620 INFO o.a.j.t.JMeterThread: Thread is done: Thread Group 1-11
2026-05-26 19:29:15,620 INFO o.a.j.t.JMeterThread: Thread finished: Thread Group 1-11
2026-05-26 19:29:15,662 INFO o.a.j.t.JMeterThread: Thread started: Thread Group 1-12
2026-05-26 19:29:15,670 INFO o.a.j.t.JMeterThread: Thread is done: Thread Group 1-12
2026-05-26 19:29:15,670 INFO o.a.j.t.JMeterThread: Thread finished: Thread Group 1-12
2026-05-26 19:29:15,711 INFO o.a.j.t.JMeterThread: Thread started: Thread Group 1-13
2026-05-26 19:29:15,716 INFO o.a.j.t.JMeterThread: Thread is done: Thread Group 1-13
2026-05-26 19:29:15,716 INFO o.a.j.t.JMeterThread: Thread finished: Thread Group 1-13
2026-05-26 19:29:15,760 INFO o.a.j.t.JMeterThread: Thread started: Thread Group 1-14
2026-05-26 19:29:15,767 INFO o.a.j.t.JMeterThread: Thread is done: Thread Group 1-14
2026-05-26 19:29:15,767 INFO o.a.j.t.JMeterThread: Thread finished: Thread Group 1-14
2026-05-26 19:29:15,810 INFO o.a.j.t.JMeterThread: Thread started: Thread Group 1-15
2026-05-26 19:29:15,816 INFO o.a.j.t.JMeterThread: Thread is done: Thread Group 1-15
2026-05-26 19:29:15,816 INFO o.a.j.t.JMeterThread: Thread finished: Thread Group 1-15
2026-05-26 19:29:15,860 INFO o.a.j.t.JMeterThread: Thread started: Thread Group 1-16
2026-05-26 19:29:15,866 INFO o.a.j.t.JMeterThread: Thread is done: Thread Group 1-16
2026-05-26 19:29:15,866 INFO o.a.j.t.JMeterThread: Thread finished: Thread Group 1-16
2026-05-26 19:29:15,910 INFO o.a.j.t.JMeterThread: Thread started: Thread Group 1-17
2026-05-26 19:29:15,916 INFO o.a.j.t.JMeterThread: Thread is done: Thread Group 1-17
2026-05-26 19:29:15,916 INFO o.a.j.t.JMeterThread: Thread finished: Thread Group 1-17
2026-05-26 19:29:15,960 INFO o.a.j.t.JMeterThread: Thread started: Thread Group 1-18
2026-05-26 19:29:15,965 INFO o.a.j.t.JMeterThread: Thread is done: Thread Group 1-18
2026-05-26 19:29:15,966 INFO o.a.j.t.JMeterThread: Thread finished: Thread Group 1-18
2026-05-26 19:29:16,011 INFO o.a.j.t.JMeterThread: Thread started: Thread Group 1-19
2026-05-26 19:29:16,018 INFO o.a.j.t.JMeterThread: Thread is done: Thread Group 1-19
2026-05-26 19:29:16,018 INFO o.a.j.t.JMeterThread: Thread finished: Thread Group 1-19
2026-05-26 19:29:16,059 INFO o.a.j.t.JMeterThread: Thread started: Thread Group 1-20
2026-05-26 19:29:16,066 INFO o.a.j.t.JMeterThread: Thread is done: Thread Group 1-20
2026-05-26 19:29:16,066 INFO o.a.j.t.JMeterThread: Thread finished: Thread Group 1-20
2026-05-26 19:29:16,108 INFO o.a.j.t.JMeterThread: Thread started: Thread Group 1-21
2026-05-26 19:29:16,116 INFO o.a.j.t.JMeterThread: Thread is done: Thread Group 1-21
2026-05-26 19:29:16,116 INFO o.a.j.t.JMeterThread: Thread finished: Thread Group 1-21
2026-05-26 19:29:16,159 INFO o.a.j.t.JMeterThread: Thread started: Thread Group 1-22
2026-05-26 19:29:16,166 INFO o.a.j.t.JMeterThread: Thread is done: Thread Group 1-22
2026-05-26 19:29:16,166 INFO o.a.j.t.JMeterThread: Thread finished: Thread Group 1-22
2026-05-26 19:29:16,210 INFO o.a.j.t.JMeterThread: Thread started: Thread Group 1-23
2026-05-26 19:29:16,217 INFO o.a.j.t.JMeterThread: Thread is done: Thread Group 1-23
2026-05-26 19:29:16,217 INFO o.a.j.t.JMeterThread: Thread finished: Thread Group 1-23
2026-05-26 19:29:16,261 INFO o.a.j.t.JMeterThread: Thread started: Thread Group 1-24
2026-05-26 19:29:16,268 INFO o.a.j.t.JMeterThread: Thread is done: Thread Group 1-24
2026-05-26 19:29:16,268 INFO o.a.j.t.JMeterThread: Thread finished: Thread Group 1-24
2026-05-26 19:29:16,309 INFO o.a.j.t.JMeterThread: Thread started: Thread Group 1-25
2026-05-26 19:29:16,315 INFO o.a.j.t.JMeterThread: Thread is done: Thread Group 1-25
2026-05-26 19:29:16,315 INFO o.a.j.t.JMeterThread: Thread finished: Thread Group 1-25
2026-05-26 19:29:16,360 INFO o.a.j.t.JMeterThread: Thread started: Thread Group 1-26
2026-05-26 19:29:16,367 INFO o.a.j.t.JMeterThread: Thread is done: Thread Group 1-26
2026-05-26 19:29:16,367 INFO o.a.j.t.JMeterThread: Thread finished: Thread Group 1-26
2026-05-26 19:29:16,409 INFO o.a.j.t.JMeterThread: Thread started: Thread Group 1-27
2026-05-26 19:29:16,415 INFO o.a.j.t.JMeterThread: Thread is done: Thread Group 1-27
2026-05-26 19:29:16,415 INFO o.a.j.t.JMeterThread: Thread finished: Thread Group 1-27
2026-05-26 19:29:16,459 INFO o.a.j.t.JMeterThread: Thread started: Thread Group 1-28
2026-05-26 19:29:16,466 INFO o.a.j.t.JMeterThread: Thread is done: Thread Group 1-28
2026-05-26 19:29:16,466 INFO o.a.j.t.JMeterThread: Thread finished: Thread Group 1-28
2026-05-26 19:29:16,510 INFO o.a.j.t.JMeterThread: Thread started: Thread Group 1-29
2026-05-26 19:29:16,517 INFO o.a.j.t.JMeterThread: Thread is done: Thread Group 1-29
2026-05-26 19:29:16,518 INFO o.a.j.t.JMeterThread: Thread finished: Thread Group 1-29
2026-05-26 19:29:16,560 INFO o.a.j.t.JMeterThread: Thread started: Thread Group 1-30
2026-05-26 19:29:16,566 INFO o.a.j.t.JMeterThread: Thread is done: Thread Group 1-30
2026-05-26 19:29:16,566 INFO o.a.j.t.JMeterThread: Thread finished: Thread Group 1-30
2026-05-26 19:29:16,609 INFO o.a.j.t.JMeterThread: Thread started: Thread Group 1-31
2026-05-26 19:29:16,617 INFO o.a.j.t.JMeterThread: Thread is done: Thread Group 1-31
2026-05-26 19:29:16,617 INFO o.a.j.t.JMeterThread: Thread finished: Thread Group 1-31
2026-05-26 19:29:16,659 INFO o.a.j.t.JMeterThread: Thread started: Thread Group 1-32
2026-05-26 19:29:16,667 INFO o.a.j.t.JMeterThread: Thread is done: Thread Group 1-32
2026-05-26 19:29:16,667 INFO o.a.j.t.JMeterThread: Thread finished: Thread Group 1-32
2026-05-26 19:29:16,710 INFO o.a.j.t.JMeterThread: Thread started: Thread Group 1-33
2026-05-26 19:29:16,718 INFO o.a.j.t.JMeterThread: Thread is done: Thread Group 1-33
2026-05-26 19:29:16,718 INFO o.a.j.t.JMeterThread: Thread finished: Thread Group 1-33
2026-05-26 19:29:16,760 INFO o.a.j.t.JMeterThread: Thread started: Thread Group 1-34
2026-05-26 19:29:16,768 INFO o.a.j.t.JMeterThread: Thread is done: Thread Group 1-34
2026-05-26 19:29:16,768 INFO o.a.j.t.JMeterThread: Thread finished: Thread Group 1-34
2026-05-26 19:29:16,809 INFO o.a.j.t.JMeterThread: Thread started: Thread Group 1-35
2026-05-26 19:29:16,815 INFO o.a.j.t.JMeterThread: Thread is done: Thread Group 1-35
2026-05-26 19:29:16,815 INFO o.a.j.t.JMeterThread: Thread finished: Thread Group 1-35
2026-05-26 19:29:16,859 INFO o.a.j.t.JMeterThread: Thread started: Thread Group 1-36
2026-05-26 19:29:16,865 INFO o.a.j.t.JMeterThread: Thread is done: Thread Group 1-36
2026-05-26 19:29:16,865 INFO o.a.j.t.JMeterThread: Thread finished: Thread Group 1-36
2026-05-26 19:29:16,910 INFO o.a.j.t.JMeterThread: Thread started: Thread Group 1-37
2026-05-26 19:29:16,919 INFO o.a.j.t.JMeterThread: Thread is done: Thread Group 1-37
2026-05-26 19:29:16,919 INFO o.a.j.t.JMeterThread: Thread finished: Thread Group 1-37
2026-05-26 19:29:16,960 INFO o.a.j.t.JMeterThread: Thread started: Thread Group 1-38
2026-05-26 19:29:16,967 INFO o.a.j.t.JMeterThread: Thread is done: Thread Group 1-38
2026-05-26 19:29:16,967 INFO o.a.j.t.JMeterThread: Thread finished: Thread Group 1-38
2026-05-26 19:29:17,009 INFO o.a.j.t.JMeterThread: Thread started: Thread Group 1-39
2026-05-26 19:29:17,016 INFO o.a.j.t.JMeterThread: Thread is done: Thread Group 1-39
2026-05-26 19:29:17,016 INFO o.a.j.t.JMeterThread: Thread finished: Thread Group 1-39
2026-05-26 19:29:17,059 INFO o.a.j.t.JMeterThread: Thread started: Thread Group 1-40
2026-05-26 19:29:17,065 INFO o.a.j.t.JMeterThread: Thread is done: Thread Group 1-40
2026-05-26 19:29:17,066 INFO o.a.j.t.JMeterThread: Thread finished: Thread Group 1-40
2026-05-26 19:29:17,110 INFO o.a.j.t.JMeterThread: Thread started: Thread Group 1-41
2026-05-26 19:29:17,118 INFO o.a.j.t.JMeterThread: Thread is done: Thread Group 1-41
2026-05-26 19:29:17,118 INFO o.a.j.t.JMeterThread: Thread finished: Thread Group 1-41
2026-05-26 19:29:17,159 INFO o.a.j.t.JMeterThread: Thread started: Thread Group 1-42
2026-05-26 19:29:17,163 INFO o.a.j.t.JMeterThread: Thread is done: Thread Group 1-42
2026-05-26 19:29:17,163 INFO o.a.j.t.JMeterThread: Thread finished: Thread Group 1-42
2026-05-26 19:29:17,210 INFO o.a.j.t.JMeterThread: Thread started: Thread Group 1-43
2026-05-26 19:29:17,217 INFO o.a.j.t.JMeterThread: Thread is done: Thread Group 1-43
2026-05-26 19:29:17,217 INFO o.a.j.t.JMeterThread: Thread finished: Thread Group 1-43
2026-05-26 19:29:17,258 INFO o.a.j.t.JMeterThread: Thread started: Thread Group 1-44
2026-05-26 19:29:17,265 INFO o.a.j.t.JMeterThread: Thread is done: Thread Group 1-44
2026-05-26 19:29:17,265 INFO o.a.j.t.JMeterThread: Thread finished: Thread Group 1-44
2026-05-26 19:29:17,309 INFO o.a.j.t.JMeterThread: Thread started: Thread Group 1-45
2026-05-26 19:29:17,317 INFO o.a.j.t.JMeterThread: Thread is done: Thread Group 1-45
2026-05-26 19:29:17,317 INFO o.a.j.t.JMeterThread: Thread finished: Thread Group 1-45
2026-05-26 19:29:17,360 INFO o.a.j.t.JMeterThread: Thread started: Thread Group 1-46
2026-05-26 19:29:17,368 INFO o.a.j.t.JMeterThread: Thread is done: Thread Group 1-46
2026-05-26 19:29:17,368 INFO o.a.j.t.JMeterThread: Thread finished: Thread Group 1-46
2026-05-26 19:29:17,408 INFO o.a.j.t.JMeterThread: Thread started: Thread Group 1-47
2026-05-26 19:29:17,415 INFO o.a.j.t.JMeterThread: Thread is done: Thread Group 1-47
2026-05-26 19:29:17,415 INFO o.a.j.t.JMeterThread: Thread finished: Thread Group 1-47
2026-05-26 19:29:17,458 INFO o.a.j.t.JMeterThread: Thread started: Thread Group 1-48
2026-05-26 19:29:17,466 INFO o.a.j.t.JMeterThread: Thread is done: Thread Group 1-48
2026-05-26 19:29:17,466 INFO o.a.j.t.JMeterThread: Thread finished: Thread Group 1-48
2026-05-26 19:29:17,509 INFO o.a.j.t.JMeterThread: Thread started: Thread Group 1-49
2026-05-26 19:29:17,516 INFO o.a.j.t.JMeterThread: Thread is done: Thread Group 1-49
2026-05-26 19:29:17,516 INFO o.a.j.t.JMeterThread: Thread finished: Thread Group 1-49
2026-05-26 19:29:17,559 INFO o.a.j.t.JMeterThread: Thread started: Thread Group 1-50
2026-05-26 19:29:17,566 INFO o.a.j.t.JMeterThread: Thread is done: Thread Group 1-50
2026-05-26 19:29:17,566 INFO o.a.j.t.JMeterThread: Thread finished: Thread Group 1-50
2026-05-26 19:29:17,609 INFO o.a.j.t.JMeterThread: Thread started: Thread Group 1-51
2026-05-26 19:29:17,618 INFO o.a.j.t.JMeterThread: Thread is done: Thread Group 1-51
2026-05-26 19:29:17,619 INFO o.a.j.t.JMeterThread: Thread finished: Thread Group 1-51
2026-05-26 19:29:17,659 INFO o.a.j.t.JMeterThread: Thread started: Thread Group 1-52
2026-05-26 19:29:17,666 INFO o.a.j.t.JMeterThread: Thread is done: Thread Group 1-52
2026-05-26 19:29:17,666 INFO o.a.j.t.JMeterThread: Thread finished: Thread Group 1-52
2026-05-26 19:29:17,709 INFO o.a.j.t.JMeterThread: Thread started: Thread Group 1-53
2026-05-26 19:29:17,716 INFO o.a.j.t.JMeterThread: Thread is done: Thread Group 1-53
2026-05-26 19:29:17,716 INFO o.a.j.t.JMeterThread: Thread finished: Thread Group 1-53
2026-05-26 19:29:17,760 INFO o.a.j.t.JMeterThread: Thread started: Thread Group 1-54
2026-05-26 19:29:17,767 INFO o.a.j.t.JMeterThread: Thread is done: Thread Group 1-54
2026-05-26 19:29:17,767 INFO o.a.j.t.JMeterThread: Thread finished: Thread Group 1-54
2026-05-26 19:29:17,809 INFO o.a.j.t.JMeterThread: Thread started: Thread Group 1-55
2026-05-26 19:29:17,817 INFO o.a.j.t.JMeterThread: Thread is done: Thread Group 1-55
2026-05-26 19:29:17,817 INFO o.a.j.t.JMeterThread: Thread finished: Thread Group 1-55
2026-05-26 19:29:17,858 INFO o.a.j.t.JMeterThread: Thread started: Thread Group 1-56
2026-05-26 19:29:17,865 INFO o.a.j.t.JMeterThread: Thread is done: Thread Group 1-56
2026-05-26 19:29:17,865 INFO o.a.j.t.JMeterThread: Thread finished: Thread Group 1-56
2026-05-26 19:29:17,909 INFO o.a.j.t.JMeterThread: Thread started: Thread Group 1-57
2026-05-26 19:29:17,917 INFO o.a.j.t.JMeterThread: Thread is done: Thread Group 1-57
2026-05-26 19:29:17,917 INFO o.a.j.t.JMeterThread: Thread finished: Thread Group 1-57
2026-05-26 19:29:17,960 INFO o.a.j.t.JMeterThread: Thread started: Thread Group 1-58
2026-05-26 19:29:17,966 INFO o.a.j.t.JMeterThread: Thread is done: Thread Group 1-58
2026-05-26 19:29:17,966 INFO o.a.j.t.JMeterThread: Thread finished: Thread Group 1-58
2026-05-26 19:29:18,010 INFO o.a.j.t.JMeterThread: Thread started: Thread Group 1-59
2026-05-26 19:29:18,019 INFO o.a.j.t.JMeterThread: Thread is done: Thread Group 1-59
2026-05-26 19:29:18,019 INFO o.a.j.t.JMeterThread: Thread finished: Thread Group 1-59
2026-05-26 19:29:18,058 INFO o.a.j.t.JMeterThread: Thread started: Thread Group 1-60
2026-05-26 19:29:18,066 INFO o.a.j.t.JMeterThread: Thread is done: Thread Group 1-60
2026-05-26 19:29:18,066 INFO o.a.j.t.JMeterThread: Thread finished: Thread Group 1-60
2026-05-26 19:29:18,108 INFO o.a.j.t.JMeterThread: Thread started: Thread Group 1-61
2026-05-26 19:29:18,116 INFO o.a.j.t.JMeterThread: Thread is done: Thread Group 1-61
2026-05-26 19:29:18,116 INFO o.a.j.t.JMeterThread: Thread finished: Thread Group 1-61
2026-05-26 19:29:18,160 INFO o.a.j.t.JMeterThread: Thread started: Thread Group 1-62
2026-05-26 19:29:18,168 INFO o.a.j.t.JMeterThread: Thread is done: Thread Group 1-62
2026-05-26 19:29:18,168 INFO o.a.j.t.JMeterThread: Thread finished: Thread Group 1-62
2026-05-26 19:29:18,217 INFO o.a.j.t.JMeterThread: Thread started: Thread Group 1-63
2026-05-26 19:29:18,224 INFO o.a.j.t.JMeterThread: Thread is done: Thread Group 1-63
2026-05-26 19:29:18,225 INFO o.a.j.t.JMeterThread: Thread finished: Thread Group 1-63
2026-05-26 19:29:18,259 INFO o.a.j.t.JMeterThread: Thread started: Thread Group 1-64
2026-05-26 19:29:18,269 INFO o.a.j.t.JMeterThread: Thread is done: Thread Group 1-64
2026-05-26 19:29:18,269 INFO o.a.j.t.JMeterThread: Thread finished: Thread Group 1-64
2026-05-26 19:29:18,309 INFO o.a.j.t.JMeterThread: Thread started: Thread Group 1-65
2026-05-26 19:29:18,319 INFO o.a.j.t.JMeterThread: Thread is done: Thread Group 1-65
2026-05-26 19:29:18,319 INFO o.a.j.t.JMeterThread: Thread finished: Thread Group 1-65
2026-05-26 19:29:18,359 INFO o.a.j.t.JMeterThread: Thread started: Thread Group 1-66
2026-05-26 19:29:18,368 INFO o.a.j.t.JMeterThread: Thread is done: Thread Group 1-66
2026-05-26 19:29:18,368 INFO o.a.j.t.JMeterThread: Thread finished: Thread Group 1-66
2026-05-26 19:29:18,410 INFO o.a.j.t.JMeterThread: Thread started: Thread Group 1-67
2026-05-26 19:29:18,416 INFO o.a.j.t.JMeterThread: Thread is done: Thread Group 1-67
2026-05-26 19:29:18,416 INFO o.a.j.t.JMeterThread: Thread finished: Thread Group 1-67
2026-05-26 19:29:18,459 INFO o.a.j.t.JMeterThread: Thread started: Thread Group 1-68
2026-05-26 19:29:18,465 INFO o.a.j.t.JMeterThread: Thread is done: Thread Group 1-68
2026-05-26 19:29:18,465 INFO o.a.j.t.JMeterThread: Thread finished: Thread Group 1-68
2026-05-26 19:29:18,509 INFO o.a.j.t.JMeterThread: Thread started: Thread Group 1-69
2026-05-26 19:29:18,514 INFO o.a.j.t.JMeterThread: Thread is done: Thread Group 1-69
2026-05-26 19:29:18,514 INFO o.a.j.t.JMeterThread: Thread finished: Thread Group 1-69
2026-05-26 19:29:18,560 INFO o.a.j.t.JMeterThread: Thread started: Thread Group 1-70
2026-05-26 19:29:18,566 INFO o.a.j.t.JMeterThread: Thread is done: Thread Group 1-70
2026-05-26 19:29:18,566 INFO o.a.j.t.JMeterThread: Thread finished: Thread Group 1-70
2026-05-26 19:29:18,609 INFO o.a.j.t.JMeterThread: Thread started: Thread Group 1-71
2026-05-26 19:29:18,616 INFO o.a.j.t.JMeterThread: Thread is done: Thread Group 1-71
2026-05-26 19:29:18,616 INFO o.a.j.t.JMeterThread: Thread finished: Thread Group 1-71
2026-05-26 19:29:18,659 INFO o.a.j.t.JMeterThread: Thread started: Thread Group 1-72
2026-05-26 19:29:18,665 INFO o.a.j.t.JMeterThread: Thread is done: Thread Group 1-72
2026-05-26 19:29:18,665 INFO o.a.j.t.JMeterThread: Thread finished: Thread Group 1-72
2026-05-26 19:29:18,709 INFO o.a.j.t.JMeterThread: Thread started: Thread Group 1-73
2026-05-26 19:29:18,715 INFO o.a.j.t.JMeterThread: Thread is done: Thread Group 1-73
2026-05-26 19:29:18,716 INFO o.a.j.t.JMeterThread: Thread finished: Thread Group 1-73
2026-05-26 19:29:18,759 INFO o.a.j.t.JMeterThread: Thread started: Thread Group 1-74
2026-05-26 19:29:18,765 INFO o.a.j.t.JMeterThread: Thread is done: Thread Group 1-74
2026-05-26 19:29:18,765 INFO o.a.j.t.JMeterThread: Thread finished: Thread Group 1-74
2026-05-26 19:29:18,811 INFO o.a.j.t.JMeterThread: Thread started: Thread Group 1-75
2026-05-26 19:29:18,817 INFO o.a.j.t.JMeterThread: Thread is done: Thread Group 1-75
2026-05-26 19:29:18,817 INFO o.a.j.t.JMeterThread: Thread finished: Thread Group 1-75
2026-05-26 19:29:18,859 INFO o.a.j.t.JMeterThread: Thread started: Thread Group 1-76
2026-05-26 19:29:18,863 INFO o.a.j.t.JMeterThread: Thread is done: Thread Group 1-76
2026-05-26 19:29:18,863 INFO o.a.j.t.JMeterThread: Thread finished: Thread Group 1-76
2026-05-26 19:29:18,909 INFO o.a.j.t.JMeterThread: Thread started: Thread Group 1-77
2026-05-26 19:29:18,915 INFO o.a.j.t.JMeterThread: Thread is done: Thread Group 1-77
2026-05-26 19:29:18,915 INFO o.a.j.t.JMeterThread: Thread finished: Thread Group 1-77
2026-05-26 19:29:18,959 INFO o.a.j.t.JMeterThread: Thread started: Thread Group 1-78
2026-05-26 19:29:18,966 INFO o.a.j.t.JMeterThread: Thread is done: Thread Group 1-78
2026-05-26 19:29:18,966 INFO o.a.j.t.JMeterThread: Thread finished: Thread Group 1-78
2026-05-26 19:29:19,009 INFO o.a.j.t.JMeterThread: Thread started: Thread Group 1-79
2026-05-26 19:29:19,017 INFO o.a.j.t.JMeterThread: Thread is done: Thread Group 1-79
2026-05-26 19:29:19,017 INFO o.a.j.t.JMeterThread: Thread finished: Thread Group 1-79
2026-05-26 19:29:19,059 INFO o.a.j.t.JMeterThread: Thread started: Thread Group 1-80
2026-05-26 19:29:19,070 INFO o.a.j.t.JMeterThread: Thread is done: Thread Group 1-80
2026-05-26 19:29:19,070 INFO o.a.j.t.JMeterThread: Thread finished: Thread Group 1-80
2026-05-26 19:29:19,109 INFO o.a.j.t.JMeterThread: Thread started: Thread Group 1-81
2026-05-26 19:29:19,119 INFO o.a.j.t.JMeterThread: Thread is done: Thread Group 1-81
2026-05-26 19:29:19,119 INFO o.a.j.t.JMeterThread: Thread finished: Thread Group 1-81
2026-05-26 19:29:19,159 INFO o.a.j.t.JMeterThread: Thread started: Thread Group 1-82
2026-05-26 19:29:19,166 INFO o.a.j.t.JMeterThread: Thread is done: Thread Group 1-82
2026-05-26 19:29:19,166 INFO o.a.j.t.JMeterThread: Thread finished: Thread Group 1-82
2026-05-26 19:29:19,208 INFO o.a.j.t.JMeterThread: Thread started: Thread Group 1-83
2026-05-26 19:29:19,214 INFO o.a.j.t.JMeterThread: Thread is done: Thread Group 1-83
2026-05-26 19:29:19,214 INFO o.a.j.t.JMeterThread: Thread finished: Thread Group 1-83
2026-05-26 19:29:19,258 INFO o.a.j.t.JMeterThread: Thread started: Thread Group 1-84
2026-05-26 19:29:19,266 INFO o.a.j.t.JMeterThread: Thread is done: Thread Group 1-84
2026-05-26 19:29:19,266 INFO o.a.j.t.JMeterThread: Thread finished: Thread Group 1-84
2026-05-26 19:29:19,308 INFO o.a.j.t.JMeterThread: Thread started: Thread Group 1-85
2026-05-26 19:29:19,316 INFO o.a.j.t.JMeterThread: Thread is done: Thread Group 1-85
2026-05-26 19:29:19,316 INFO o.a.j.t.JMeterThread: Thread finished: Thread Group 1-85
2026-05-26 19:29:19,358 INFO o.a.j.t.JMeterThread: Thread started: Thread Group 1-86
2026-05-26 19:29:19,368 INFO o.a.j.t.JMeterThread: Thread is done: Thread Group 1-86
2026-05-26 19:29:19,368 INFO o.a.j.t.JMeterThread: Thread finished: Thread Group 1-86
2026-05-26 19:29:19,409 INFO o.a.j.t.JMeterThread: Thread started: Thread Group 1-87
2026-05-26 19:29:19,416 INFO o.a.j.t.JMeterThread: Thread is done: Thread Group 1-87
2026-05-26 19:29:19,416 INFO o.a.j.t.JMeterThread: Thread finished: Thread Group 1-87
2026-05-26 19:29:19,458 INFO o.a.j.t.JMeterThread: Thread started: Thread Group 1-88
2026-05-26 19:29:19,465 INFO o.a.j.t.JMeterThread: Thread is done: Thread Group 1-88
2026-05-26 19:29:19,466 INFO o.a.j.t.JMeterThread: Thread finished: Thread Group 1-88
2026-05-26 19:29:19,508 INFO o.a.j.t.JMeterThread: Thread started: Thread Group 1-89
2026-05-26 19:29:19,515 INFO o.a.j.t.JMeterThread: Thread is done: Thread Group 1-89
2026-05-26 19:29:19,515 INFO o.a.j.t.JMeterThread: Thread finished: Thread Group 1-89
2026-05-26 19:29:19,558 INFO o.a.j.t.JMeterThread: Thread started: Thread Group 1-90
2026-05-26 19:29:19,564 INFO o.a.j.t.JMeterThread: Thread is done: Thread Group 1-90
2026-05-26 19:29:19,564 INFO o.a.j.t.JMeterThread: Thread finished: Thread Group 1-90
2026-05-26 19:29:19,609 INFO o.a.j.t.JMeterThread: Thread started: Thread Group 1-91
2026-05-26 19:29:19,618 INFO o.a.j.t.JMeterThread: Thread is done: Thread Group 1-91
2026-05-26 19:29:19,618 INFO o.a.j.t.JMeterThread: Thread finished: Thread Group 1-91
2026-05-26 19:29:19,658 INFO o.a.j.t.JMeterThread: Thread started: Thread Group 1-92
2026-05-26 19:29:19,665 INFO o.a.j.t.JMeterThread: Thread is done: Thread Group 1-92
2026-05-26 19:29:19,665 INFO o.a.j.t.JMeterThread: Thread finished: Thread Group 1-92
2026-05-26 19:29:19,708 INFO o.a.j.t.JMeterThread: Thread started: Thread Group 1-93
2026-05-26 19:29:19,713 INFO o.a.j.t.JMeterThread: Thread is done: Thread Group 1-93
2026-05-26 19:29:19,713 INFO o.a.j.t.JMeterThread: Thread finished: Thread Group 1-93
2026-05-26 19:29:19,758 INFO o.a.j.t.JMeterThread: Thread started: Thread Group 1-94
2026-05-26 19:29:19,764 INFO o.a.j.t.JMeterThread: Thread is done: Thread Group 1-94
2026-05-26 19:29:19,764 INFO o.a.j.t.JMeterThread: Thread finished: Thread Group 1-94
2026-05-26 19:29:19,808 INFO o.a.j.t.JMeterThread: Thread started: Thread Group 1-95
2026-05-26 19:29:19,814 INFO o.a.j.t.JMeterThread: Thread is done: Thread Group 1-95
2026-05-26 19:29:19,814 INFO o.a.j.t.JMeterThread: Thread finished: Thread Group 1-95
2026-05-26 19:29:19,860 INFO o.a.j.t.JMeterThread: Thread started: Thread Group 1-96
2026-05-26 19:29:19,866 INFO o.a.j.t.JMeterThread: Thread is done: Thread Group 1-96
2026-05-26 19:29:19,866 INFO o.a.j.t.JMeterThread: Thread finished: Thread Group 1-96
2026-05-26 19:29:19,910 INFO o.a.j.t.JMeterThread: Thread started: Thread Group 1-97
2026-05-26 19:29:19,917 INFO o.a.j.t.JMeterThread: Thread is done: Thread Group 1-97
2026-05-26 19:29:19,917 INFO o.a.j.t.JMeterThread: Thread finished: Thread Group 1-97
2026-05-26 19:29:19,958 INFO o.a.j.t.JMeterThread: Thread started: Thread Group 1-98
2026-05-26 19:29:19,963 INFO o.a.j.t.JMeterThread: Thread is done: Thread Group 1-98
2026-05-26 19:29:19,963 INFO o.a.j.t.JMeterThread: Thread finished: Thread Group 1-98
2026-05-26 19:29:20,008 INFO o.a.j.t.JMeterThread: Thread started: Thread Group 1-99
2026-05-26 19:29:20,015 INFO o.a.j.t.JMeterThread: Thread is done: Thread Group 1-99
2026-05-26 19:29:20,015 INFO o.a.j.t.JMeterThread: Thread finished: Thread Group 1-99
2026-05-26 19:29:20,058 INFO o.a.j.t.JMeterThread: Thread started: Thread Group 1-100
2026-05-26 19:29:20,064 INFO o.a.j.t.JMeterThread: Thread is done: Thread Group 1-100
2026-05-26 19:29:20,066 INFO o.a.j.t.JMeterThread: Thread finished: Thread Group 1-100
2026-05-26 19:29:20,110 INFO o.a.j.t.JMeterThread: Thread started: Thread Group 1-101
2026-05-26 19:29:20,116 INFO o.a.j.t.JMeterThread: Thread is done: Thread Group 1-101
2026-05-26 19:29:20,116 INFO o.a.j.t.JMeterThread: Thread finished: Thread Group 1-101
2026-05-26 19:29:20,160 INFO o.a.j.t.JMeterThread: Thread started: Thread Group 1-102
2026-05-26 19:29:20,166 INFO o.a.j.t.JMeterThread: Thread is done: Thread Group 1-102
2026-05-26 19:29:20,167 INFO o.a.j.t.JMeterThread: Thread finished: Thread Group 1-102
2026-05-26 19:29:20,210 INFO o.a.j.t.JMeterThread: Thread started: Thread Group 1-103
2026-05-26 19:29:20,216 INFO o.a.j.t.JMeterThread: Thread is done: Thread Group 1-103
2026-05-26 19:29:20,216 INFO o.a.j.t.JMeterThread: Thread finished: Thread Group 1-103
2026-05-26 19:29:20,260 INFO o.a.j.t.JMeterThread: Thread started: Thread Group 1-104
2026-05-26 19:29:20,265 INFO o.a.j.t.JMeterThread: Thread is done: Thread Group 1-104
2026-05-26 19:29:20,265 INFO o.a.j.t.JMeterThread: Thread finished: Thread Group 1-104
2026-05-26 19:29:20,310 INFO o.a.j.t.JMeterThread: Thread started: Thread Group 1-105
2026-05-26 19:29:20,317 INFO o.a.j.t.JMeterThread: Thread is done: Thread Group 1-105
2026-05-26 19:29:20,317 INFO o.a.j.t.JMeterThread: Thread finished: Thread Group 1-105
2026-05-26 19:29:20,358 INFO o.a.j.t.JMeterThread: Thread started: Thread Group 1-106
2026-05-26 19:29:20,366 INFO o.a.j.t.JMeterThread: Thread is done: Thread Group 1-106
2026-05-26 19:29:20,366 INFO o.a.j.t.JMeterThread: Thread finished: Thread Group 1-106
2026-05-26 19:29:20,409 INFO o.a.j.t.JMeterThread: Thread started: Thread Group 1-107
2026-05-26 19:29:20,416 INFO o.a.j.t.JMeterThread: Thread is done: Thread Group 1-107
2026-05-26 19:29:20,416 INFO o.a.j.t.JMeterThread: Thread finished: Thread Group 1-107
2026-05-26 19:29:20,459 INFO o.a.j.t.JMeterThread: Thread started: Thread Group 1-108
2026-05-26 19:29:20,466 INFO o.a.j.t.JMeterThread: Thread is done: Thread Group 1-108
2026-05-26 19:29:20,466 INFO o.a.j.t.JMeterThread: Thread finished: Thread Group 1-108
2026-05-26 19:29:20,509 INFO o.a.j.t.JMeterThread: Thread started: Thread Group 1-109
2026-05-26 19:29:20,516 INFO o.a.j.t.JMeterThread: Thread is done: Thread Group 1-109
2026-05-26 19:29:20,516 INFO o.a.j.t.JMeterThread: Thread finished: Thread Group 1-109
2026-05-26 19:29:20,559 INFO o.a.j.t.JMeterThread: Thread started: Thread Group 1-110
2026-05-26 19:29:20,566 INFO o.a.j.t.JMeterThread: Thread is done: Thread Group 1-110
2026-05-26 19:29:20,566 INFO o.a.j.t.JMeterThread: Thread finished: Thread Group 1-110
2026-05-26 19:29:20,609 INFO o.a.j.t.JMeterThread: Thread started: Thread Group 1-111
2026-05-26 19:29:20,617 INFO o.a.j.t.JMeterThread: Thread is done: Thread Group 1-111
2026-05-26 19:29:20,617 INFO o.a.j.t.JMeterThread: Thread finished: Thread Group 1-111
2026-05-26 19:29:20,659 INFO o.a.j.t.JMeterThread: Thread started: Thread Group 1-112
2026-05-26 19:29:20,669 INFO o.a.j.t.JMeterThread: Thread is done: Thread Group 1-112
2026-05-26 19:29:20,669 INFO o.a.j.t.JMeterThread: Thread finished: Thread Group 1-112
2026-05-26 19:29:20,709 INFO o.a.j.t.JMeterThread: Thread started: Thread Group 1-113
2026-05-26 19:29:20,716 INFO o.a.j.t.JMeterThread: Thread is done: Thread Group 1-113
2026-05-26 19:29:20,716 INFO o.a.j.t.JMeterThread: Thread finished: Thread Group 1-113
2026-05-26 19:29:20,758 INFO o.a.j.t.JMeterThread: Thread started: Thread Group 1-114
2026-05-26 19:29:20,765 INFO o.a.j.t.JMeterThread: Thread is done: Thread Group 1-114
2026-05-26 19:29:20,765 INFO o.a.j.t.JMeterThread: Thread finished: Thread Group 1-114
2026-05-26 19:29:20,809 INFO o.a.j.t.JMeterThread: Thread started: Thread Group 1-115
2026-05-26 19:29:20,815 INFO o.a.j.t.JMeterThread: Thread is done: Thread Group 1-115
2026-05-26 19:29:20,815 INFO o.a.j.t.JMeterThread: Thread finished: Thread Group 1-115
2026-05-26 19:29:20,858 INFO o.a.j.t.JMeterThread: Thread started: Thread Group 1-116
2026-05-26 19:29:20,866 INFO o.a.j.t.JMeterThread: Thread is done: Thread Group 1-116
2026-05-26 19:29:20,866 INFO o.a.j.t.JMeterThread: Thread finished: Thread Group 1-116
2026-05-26 19:29:20,908 INFO o.a.j.t.JMeterThread: Thread started: Thread Group 1-117
2026-05-26 19:29:20,915 INFO o.a.j.t.JMeterThread: Thread is done: Thread Group 1-117
2026-05-26 19:29:20,915 INFO o.a.j.t.JMeterThread: Thread finished: Thread Group 1-117
2026-05-26 19:29:20,958 INFO o.a.j.t.JMeterThread: Thread started: Thread Group 1-118
2026-05-26 19:29:20,965 INFO o.a.j.t.JMeterThread: Thread is done: Thread Group 1-118
2026-05-26 19:29:20,965 INFO o.a.j.t.JMeterThread: Thread finished: Thread Group 1-118
2026-05-26 19:29:21,009 INFO o.a.j.t.JMeterThread: Thread started: Thread Group 1-119
2026-05-26 19:29:21,016 INFO o.a.j.t.JMeterThread: Thread is done: Thread Group 1-119
2026-05-26 19:29:21,016 INFO o.a.j.t.JMeterThread: Thread finished: Thread Group 1-119
2026-05-26 19:29:21,061 INFO o.a.j.t.JMeterThread: Thread started: Thread Group 1-120
2026-05-26 19:29:21,068 INFO o.a.j.t.JMeterThread: Thread is done: Thread Group 1-120
2026-05-26 19:29:21,068 INFO o.a.j.t.JMeterThread: Thread finished: Thread Group 1-120
2026-05-26 19:29:21,109 INFO o.a.j.t.JMeterThread: Thread started: Thread Group 1-121
2026-05-26 19:29:21,116 INFO o.a.j.t.JMeterThread: Thread is done: Thread Group 1-121
2026-05-26 19:29:21,116 INFO o.a.j.t.JMeterThread: Thread finished: Thread Group 1-121
2026-05-26 19:29:21,159 INFO o.a.j.t.JMeterThread: Thread started: Thread Group 1-122
2026-05-26 19:29:21,165 INFO o.a.j.t.JMeterThread: Thread is done: Thread Group 1-122
2026-05-26 19:29:21,165 INFO o.a.j.t.JMeterThread: Thread finished: Thread Group 1-122
2026-05-26 19:29:21,209 INFO o.a.j.t.JMeterThread: Thread started: Thread Group 1-123
2026-05-26 19:29:21,216 INFO o.a.j.t.JMeterThread: Thread is done: Thread Group 1-123
2026-05-26 19:29:21,216 INFO o.a.j.t.JMeterThread: Thread finished: Thread Group 1-123
2026-05-26 19:29:21,259 INFO o.a.j.t.JMeterThread: Thread started: Thread Group 1-124
2026-05-26 19:29:21,266 INFO o.a.j.t.JMeterThread: Thread is done: Thread Group 1-124
2026-05-26 19:29:21,266 INFO o.a.j.t.JMeterThread: Thread finished: Thread Group 1-124
2026-05-26 19:29:21,309 INFO o.a.j.t.JMeterThread: Thread started: Thread Group 1-125
2026-05-26 19:29:21,315 INFO o.a.j.t.JMeterThread: Thread is done: Thread Group 1-125
2026-05-26 19:29:21,315 INFO o.a.j.t.JMeterThread: Thread finished: Thread Group 1-125
2026-05-26 19:29:21,360 INFO o.a.j.t.JMeterThread: Thread started: Thread Group 1-126
2026-05-26 19:29:21,366 INFO o.a.j.t.JMeterThread: Thread is done: Thread Group 1-126
2026-05-26 19:29:21,366 INFO o.a.j.t.JMeterThread: Thread finished: Thread Group 1-126
2026-05-26 19:29:21,409 INFO o.a.j.t.JMeterThread: Thread started: Thread Group 1-127
2026-05-26 19:29:21,417 INFO o.a.j.t.JMeterThread: Thread is done: Thread Group 1-127
2026-05-26 19:29:21,417 INFO o.a.j.t.JMeterThread: Thread finished: Thread Group 1-127
2026-05-26 19:29:21,460 INFO o.a.j.t.JMeterThread: Thread started: Thread Group 1-128
2026-05-26 19:29:21,477 INFO o.a.j.t.JMeterThread: Thread is done: Thread Group 1-128
2026-05-26 19:29:21,477 INFO o.a.j.t.JMeterThread: Thread finished: Thread Group 1-128
2026-05-26 19:29:21,509 INFO o.a.j.t.JMeterThread: Thread started: Thread Group 1-129
2026-05-26 19:29:21,518 INFO o.a.j.t.JMeterThread: Thread is done: Thread Group 1-129
2026-05-26 19:29:21,519 INFO o.a.j.t.JMeterThread: Thread finished: Thread Group 1-129
2026-05-26 19:29:21,559 INFO o.a.j.t.JMeterThread: Thread started: Thread Group 1-130
2026-05-26 19:29:21,566 INFO o.a.j.t.JMeterThread: Thread is done: Thread Group 1-130
2026-05-26 19:29:21,566 INFO o.a.j.t.JMeterThread: Thread finished: Thread Group 1-130
2026-05-26 19:29:21,609 INFO o.a.j.t.JMeterThread: Thread started: Thread Group 1-131
2026-05-26 19:29:21,616 INFO o.a.j.t.JMeterThread: Thread is done: Thread Group 1-131
2026-05-26 19:29:21,616 INFO o.a.j.t.JMeterThread: Thread finished: Thread Group 1-131
2026-05-26 19:29:21,658 INFO o.a.j.t.JMeterThread: Thread started: Thread Group 1-132
2026-05-26 19:29:21,666 INFO o.a.j.t.JMeterThread: Thread is done: Thread Group 1-132
2026-05-26 19:29:21,666 INFO o.a.j.t.JMeterThread: Thread finished: Thread Group 1-132
2026-05-26 19:29:21,710 INFO o.a.j.t.JMeterThread: Thread started: Thread Group 1-133
2026-05-26 19:29:21,720 INFO o.a.j.t.JMeterThread: Thread is done: Thread Group 1-133
2026-05-26 19:29:21,721 INFO o.a.j.t.JMeterThread: Thread finished: Thread Group 1-133
2026-05-26 19:29:21,759 INFO o.a.j.t.JMeterThread: Thread started: Thread Group 1-134
2026-05-26 19:29:21,765 INFO o.a.j.t.JMeterThread: Thread is done: Thread Group 1-134
2026-05-26 19:29:21,765 INFO o.a.j.t.JMeterThread: Thread finished: Thread Group 1-134
2026-05-26 19:29:21,808 INFO o.a.j.t.JMeterThread: Thread started: Thread Group 1-135
2026-05-26 19:29:21,812 INFO o.a.j.t.JMeterThread: Thread is done: Thread Group 1-135
2026-05-26 19:29:21,812 INFO o.a.j.t.JMeterThread: Thread finished: Thread Group 1-135
2026-05-26 19:29:21,859 INFO o.a.j.t.JMeterThread: Thread started: Thread Group 1-136
2026-05-26 19:29:21,865 INFO o.a.j.t.JMeterThread: Thread is done: Thread Group 1-136
2026-05-26 19:29:21,865 INFO o.a.j.t.JMeterThread: Thread finished: Thread Group 1-136
2026-05-26 19:29:21,909 INFO o.a.j.t.JMeterThread: Thread started: Thread Group 1-137
2026-05-26 19:29:21,915 INFO o.a.j.t.JMeterThread: Thread is done: Thread Group 1-137
2026-05-26 19:29:21,915 INFO o.a.j.t.JMeterThread: Thread finished: Thread Group 1-137
2026-05-26 19:29:21,960 INFO o.a.j.t.JMeterThread: Thread started: Thread Group 1-138
2026-05-26 19:29:21,966 INFO o.a.j.t.JMeterThread: Thread is done: Thread Group 1-138
2026-05-26 19:29:21,967 INFO o.a.j.t.JMeterThread: Thread finished: Thread Group 1-138
2026-05-26 19:29:22,008 INFO o.a.j.t.JMeterThread: Thread started: Thread Group 1-139
2026-05-26 19:29:22,016 INFO o.a.j.t.JMeterThread: Thread is done: Thread Group 1-139
2026-05-26 19:29:22,016 INFO o.a.j.t.JMeterThread: Thread finished: Thread Group 1-139
2026-05-26 19:29:22,059 INFO o.a.j.t.JMeterThread: Thread started: Thread Group 1-140
2026-05-26 19:29:22,065 INFO o.a.j.t.JMeterThread: Thread is done: Thread Group 1-140
2026-05-26 19:29:22,065 INFO o.a.j.t.JMeterThread: Thread finished: Thread Group 1-140
2026-05-26 19:29:22,109 INFO o.a.j.t.JMeterThread: Thread started: Thread Group 1-141
2026-05-26 19:29:22,115 INFO o.a.j.t.JMeterThread: Thread is done: Thread Group 1-141
2026-05-26 19:29:22,115 INFO o.a.j.t.JMeterThread: Thread finished: Thread Group 1-141
2026-05-26 19:29:22,159 INFO o.a.j.t.JMeterThread: Thread started: Thread Group 1-142
2026-05-26 19:29:22,166 INFO o.a.j.t.JMeterThread: Thread is done: Thread Group 1-142
2026-05-26 19:29:22,166 INFO o.a.j.t.JMeterThread: Thread finished: Thread Group 1-142
2026-05-26 19:29:22,208 INFO o.a.j.t.JMeterThread: Thread started: Thread Group 1-143
2026-05-26 19:29:22,213 INFO o.a.j.t.JMeterThread: Thread is done: Thread Group 1-143
2026-05-26 19:29:22,213 INFO o.a.j.t.JMeterThread: Thread finished: Thread Group 1-143
2026-05-26 19:29:22,258 INFO o.a.j.t.JMeterThread: Thread started: Thread Group 1-144
2026-05-26 19:29:22,266 INFO o.a.j.t.JMeterThread: Thread is done: Thread Group 1-144
2026-05-26 19:29:22,266 INFO o.a.j.t.JMeterThread: Thread finished: Thread Group 1-144
2026-05-26 19:29:22,308 INFO o.a.j.t.JMeterThread: Thread started: Thread Group 1-145
2026-05-26 19:29:22,316 INFO o.a.j.t.JMeterThread: Thread is done: Thread Group 1-145
2026-05-26 19:29:22,316 INFO o.a.j.t.JMeterThread: Thread finished: Thread Group 1-145
2026-05-26 19:29:22,358 INFO o.a.j.t.JMeterThread: Thread started: Thread Group 1-146
2026-05-26 19:29:22,364 INFO o.a.j.t.JMeterThread: Thread is done: Thread Group 1-146
2026-05-26 19:29:22,364 INFO o.a.j.t.JMeterThread: Thread finished: Thread Group 1-146
2026-05-26 19:29:22,410 INFO o.a.j.t.JMeterThread: Thread started: Thread Group 1-147
2026-05-26 19:29:22,415 INFO o.a.j.t.JMeterThread: Thread is done: Thread Group 1-147
2026-05-26 19:29:22,415 INFO o.a.j.t.JMeterThread: Thread finished: Thread Group 1-147
2026-05-26 19:29:22,460 INFO o.a.j.t.JMeterThread: Thread started: Thread Group 1-148
2026-05-26 19:29:22,467 INFO o.a.j.t.JMeterThread: Thread is done: Thread Group 1-148
2026-05-26 19:29:22,467 INFO o.a.j.t.JMeterThread: Thread finished: Thread Group 1-148
2026-05-26 19:29:22,508 INFO o.a.j.t.JMeterThread: Thread started: Thread Group 1-149
2026-05-26 19:29:22,515 INFO o.a.j.t.JMeterThread: Thread is done: Thread Group 1-149
2026-05-26 19:29:22,515 INFO o.a.j.t.JMeterThread: Thread finished: Thread Group 1-149
2026-05-26 19:29:22,558 INFO o.a.j.t.JMeterThread: Thread started: Thread Group 1-150
2026-05-26 19:29:22,565 INFO o.a.j.t.JMeterThread: Thread is done: Thread Group 1-150
2026-05-26 19:29:22,565 INFO o.a.j.t.JMeterThread: Thread finished: Thread Group 1-150
2026-05-26 19:29:22,608 INFO o.a.j.t.JMeterThread: Thread started: Thread Group 1-151
2026-05-26 19:29:22,615 INFO o.a.j.t.JMeterThread: Thread is done: Thread Group 1-151
2026-05-26 19:29:22,615 INFO o.a.j.t.JMeterThread: Thread finished: Thread Group 1-151
2026-05-26 19:29:22,660 INFO o.a.j.t.JMeterThread: Thread started: Thread Group 1-152
2026-05-26 19:29:22,666 INFO o.a.j.t.JMeterThread: Thread is done: Thread Group 1-152
2026-05-26 19:29:22,666 INFO o.a.j.t.JMeterThread: Thread finished: Thread Group 1-152
2026-05-26 19:29:22,710 INFO o.a.j.t.JMeterThread: Thread started: Thread Group 1-153
2026-05-26 19:29:22,716 INFO o.a.j.t.JMeterThread: Thread is done: Thread Group 1-153
2026-05-26 19:29:22,716 INFO o.a.j.t.JMeterThread: Thread finished: Thread Group 1-153
2026-05-26 19:29:22,759 INFO o.a.j.t.JMeterThread: Thread started: Thread Group 1-154
2026-05-26 19:29:22,765 INFO o.a.j.t.JMeterThread: Thread is done: Thread Group 1-154
2026-05-26 19:29:22,765 INFO o.a.j.t.JMeterThread: Thread finished: Thread Group 1-154
2026-05-26 19:29:22,808 INFO o.a.j.t.JMeterThread: Thread started: Thread Group 1-155
2026-05-26 19:29:22,815 INFO o.a.j.t.JMeterThread: Thread is done: Thread Group 1-155
2026-05-26 19:29:22,815 INFO o.a.j.t.JMeterThread: Thread finished: Thread Group 1-155
2026-05-26 19:29:22,859 INFO o.a.j.t.JMeterThread: Thread started: Thread Group 1-156
2026-05-26 19:29:22,865 INFO o.a.j.t.JMeterThread: Thread is done: Thread Group 1-156
2026-05-26 19:29:22,865 INFO o.a.j.t.JMeterThread: Thread finished: Thread Group 1-156
2026-05-26 19:29:22,908 INFO o.a.j.t.JMeterThread: Thread started: Thread Group 1-157
2026-05-26 19:29:22,915 INFO o.a.j.t.JMeterThread: Thread is done: Thread Group 1-157
2026-05-26 19:29:22,915 INFO o.a.j.t.JMeterThread: Thread finished: Thread Group 1-157
2026-05-26 19:29:22,958 INFO o.a.j.t.JMeterThread: Thread started: Thread Group 1-158
2026-05-26 19:29:22,965 INFO o.a.j.t.JMeterThread: Thread is done: Thread Group 1-158
2026-05-26 19:29:22,965 INFO o.a.j.t.JMeterThread: Thread finished: Thread Group 1-158
2026-05-26 19:29:23,009 INFO o.a.j.t.JMeterThread: Thread started: Thread Group 1-159
2026-05-26 19:29:23,015 INFO o.a.j.t.JMeterThread: Thread is done: Thread Group 1-159
2026-05-26 19:29:23,015 INFO o.a.j.t.JMeterThread: Thread finished: Thread Group 1-159
2026-05-26 19:29:23,059 INFO o.a.j.t.JMeterThread: Thread started: Thread Group 1-160
2026-05-26 19:29:23,065 INFO o.a.j.t.JMeterThread: Thread is done: Thread Group 1-160
2026-05-26 19:29:23,065 INFO o.a.j.t.JMeterThread: Thread finished: Thread Group 1-160
2026-05-26 19:29:23,108 INFO o.a.j.t.JMeterThread: Thread started: Thread Group 1-161
2026-05-26 19:29:23,115 INFO o.a.j.t.JMeterThread: Thread is done: Thread Group 1-161
2026-05-26 19:29:23,115 INFO o.a.j.t.JMeterThread: Thread finished: Thread Group 1-161
2026-05-26 19:29:23,159 INFO o.a.j.t.JMeterThread: Thread started: Thread Group 1-162
2026-05-26 19:29:23,165 INFO o.a.j.t.JMeterThread: Thread is done: Thread Group 1-162
2026-05-26 19:29:23,165 INFO o.a.j.t.JMeterThread: Thread finished: Thread Group 1-162
2026-05-26 19:29:23,211 INFO o.a.j.t.JMeterThread: Thread started: Thread Group 1-163
2026-05-26 19:29:23,217 INFO o.a.j.t.JMeterThread: Thread is done: Thread Group 1-163
2026-05-26 19:29:23,217 INFO o.a.j.t.JMeterThread: Thread finished: Thread Group 1-163
2026-05-26 19:29:23,259 INFO o.a.j.t.JMeterThread: Thread started: Thread Group 1-164
2026-05-26 19:29:23,264 INFO o.a.j.t.JMeterThread: Thread is done: Thread Group 1-164
2026-05-26 19:29:23,264 INFO o.a.j.t.JMeterThread: Thread finished: Thread Group 1-164
2026-05-26 19:29:23,309 INFO o.a.j.t.JMeterThread: Thread started: Thread Group 1-165
2026-05-26 19:29:23,316 INFO o.a.j.t.JMeterThread: Thread is done: Thread Group 1-165
2026-05-26 19:29:23,316 INFO o.a.j.t.JMeterThread: Thread finished: Thread Group 1-165
2026-05-26 19:29:23,358 INFO o.a.j.t.JMeterThread: Thread started: Thread Group 1-166
2026-05-26 19:29:23,366 INFO o.a.j.t.JMeterThread: Thread is done: Thread Group 1-166
2026-05-26 19:29:23,366 INFO o.a.j.t.JMeterThread: Thread finished: Thread Group 1-166
2026-05-26 19:29:23,410 INFO o.a.j.t.JMeterThread: Thread started: Thread Group 1-167
2026-05-26 19:29:23,416 INFO o.a.j.t.JMeterThread: Thread is done: Thread Group 1-167
2026-05-26 19:29:23,416 INFO o.a.j.t.JMeterThread: Thread finished: Thread Group 1-167
2026-05-26 19:29:23,460 INFO o.a.j.t.JMeterThread: Thread started: Thread Group 1-168
2026-05-26 19:29:23,466 INFO o.a.j.t.JMeterThread: Thread is done: Thread Group 1-168
2026-05-26 19:29:23,466 INFO o.a.j.t.JMeterThread: Thread finished: Thread Group 1-168
2026-05-26 19:29:23,508 INFO o.a.j.t.JMeterThread: Thread started: Thread Group 1-169
2026-05-26 19:29:23,516 INFO o.a.j.t.JMeterThread: Thread is done: Thread Group 1-169
2026-05-26 19:29:23,516 INFO o.a.j.t.JMeterThread: Thread finished: Thread Group 1-169
2026-05-26 19:29:23,559 INFO o.a.j.t.JMeterThread: Thread started: Thread Group 1-170
2026-05-26 19:29:23,565 INFO o.a.j.t.JMeterThread: Thread is done: Thread Group 1-170
2026-05-26 19:29:23,565 INFO o.a.j.t.JMeterThread: Thread finished: Thread Group 1-170
2026-05-26 19:29:23,609 INFO o.a.j.t.JMeterThread: Thread started: Thread Group 1-171
2026-05-26 19:29:23,617 INFO o.a.j.t.JMeterThread: Thread is done: Thread Group 1-171
2026-05-26 19:29:23,617 INFO o.a.j.t.JMeterThread: Thread finished: Thread Group 1-171
2026-05-26 19:29:23,660 INFO o.a.j.t.JMeterThread: Thread started: Thread Group 1-172
2026-05-26 19:29:23,667 INFO o.a.j.t.JMeterThread: Thread is done: Thread Group 1-172
2026-05-26 19:29:23,667 INFO o.a.j.t.JMeterThread: Thread finished: Thread Group 1-172
2026-05-26 19:29:23,709 INFO o.a.j.t.JMeterThread: Thread started: Thread Group 1-173
2026-05-26 19:29:23,716 INFO o.a.j.t.JMeterThread: Thread is done: Thread Group 1-173
2026-05-26 19:29:23,716 INFO o.a.j.t.JMeterThread: Thread finished: Thread Group 1-173
2026-05-26 19:29:23,759 INFO o.a.j.t.JMeterThread: Thread started: Thread Group 1-174
2026-05-26 19:29:23,767 INFO o.a.j.t.JMeterThread: Thread is done: Thread Group 1-174
2026-05-26 19:29:23,767 INFO o.a.j.t.JMeterThread: Thread finished: Thread Group 1-174
2026-05-26 19:29:23,810 INFO o.a.j.t.JMeterThread: Thread started: Thread Group 1-175
2026-05-26 19:29:23,816 INFO o.a.j.t.JMeterThread: Thread is done: Thread Group 1-175
2026-05-26 19:29:23,816 INFO o.a.j.t.JMeterThread: Thread finished: Thread Group 1-175
2026-05-26 19:29:23,865 INFO o.a.j.t.JMeterThread: Thread started: Thread Group 1-176
2026-05-26 19:29:23,879 INFO o.a.j.t.JMeterThread: Thread is done: Thread Group 1-176
2026-05-26 19:29:23,879 INFO o.a.j.t.JMeterThread: Thread finished: Thread Group 1-176
2026-05-26 19:29:23,918 INFO o.a.j.t.JMeterThread: Thread started: Thread Group 1-177
2026-05-26 19:29:23,926 INFO o.a.j.t.JMeterThread: Thread is done: Thread Group 1-177
2026-05-26 19:29:23,926 INFO o.a.j.t.JMeterThread: Thread finished: Thread Group 1-177
2026-05-26 19:29:23,961 INFO o.a.j.t.JMeterThread: Thread started: Thread Group 1-178
2026-05-26 19:29:23,970 INFO o.a.j.t.JMeterThread: Thread is done: Thread Group 1-178
2026-05-26 19:29:23,970 INFO o.a.j.t.JMeterThread: Thread finished: Thread Group 1-178
2026-05-26 19:29:24,009 INFO o.a.j.t.JMeterThread: Thread started: Thread Group 1-179
2026-05-26 19:29:24,016 INFO o.a.j.t.JMeterThread: Thread is done: Thread Group 1-179
2026-05-26 19:29:24,016 INFO o.a.j.t.JMeterThread: Thread finished: Thread Group 1-179
2026-05-26 19:29:24,060 INFO o.a.j.t.JMeterThread: Thread started: Thread Group 1-180
2026-05-26 19:29:24,067 INFO o.a.j.t.JMeterThread: Thread is done: Thread Group 1-180
2026-05-26 19:29:24,067 INFO o.a.j.t.JMeterThread: Thread finished: Thread Group 1-180
2026-05-26 19:29:24,110 INFO o.a.j.t.JMeterThread: Thread started: Thread Group 1-181
2026-05-26 19:29:24,117 INFO o.a.j.t.JMeterThread: Thread is done: Thread Group 1-181
2026-05-26 19:29:24,117 INFO o.a.j.t.JMeterThread: Thread finished: Thread Group 1-181
2026-05-26 19:29:24,158 INFO o.a.j.t.JMeterThread: Thread started: Thread Group 1-182
2026-05-26 19:29:24,166 INFO o.a.j.t.JMeterThread: Thread is done: Thread Group 1-182
2026-05-26 19:29:24,166 INFO o.a.j.t.JMeterThread: Thread finished: Thread Group 1-182
2026-05-26 19:29:24,208 INFO o.a.j.t.JMeterThread: Thread started: Thread Group 1-183
2026-05-26 19:29:24,214 INFO o.a.j.t.JMeterThread: Thread is done: Thread Group 1-183
2026-05-26 19:29:24,214 INFO o.a.j.t.JMeterThread: Thread finished: Thread Group 1-183
2026-05-26 19:29:24,259 INFO o.a.j.t.JMeterThread: Thread started: Thread Group 1-184
2026-05-26 19:29:24,267 INFO o.a.j.t.JMeterThread: Thread is done: Thread Group 1-184
2026-05-26 19:29:24,267 INFO o.a.j.t.JMeterThread: Thread finished: Thread Group 1-184
2026-05-26 19:29:24,309 INFO o.a.j.t.JMeterThread: Thread started: Thread Group 1-185
2026-05-26 19:29:24,316 INFO o.a.j.t.JMeterThread: Thread is done: Thread Group 1-185
2026-05-26 19:29:24,316 INFO o.a.j.t.JMeterThread: Thread finished: Thread Group 1-185
2026-05-26 19:29:24,360 INFO o.a.j.t.JMeterThread: Thread started: Thread Group 1-186
2026-05-26 19:29:24,367 INFO o.a.j.t.JMeterThread: Thread is done: Thread Group 1-186
2026-05-26 19:29:24,367 INFO o.a.j.t.JMeterThread: Thread finished: Thread Group 1-186
2026-05-26 19:29:24,417 INFO o.a.j.t.JMeterThread: Thread started: Thread Group 1-187
2026-05-26 19:29:24,426 INFO o.a.j.t.JMeterThread: Thread is done: Thread Group 1-187
2026-05-26 19:29:24,426 INFO o.a.j.t.JMeterThread: Thread finished: Thread Group 1-187
2026-05-26 19:29:24,458 INFO o.a.j.t.JMeterThread: Thread started: Thread Group 1-188
2026-05-26 19:29:24,465 INFO o.a.j.t.JMeterThread: Thread is done: Thread Group 1-188
2026-05-26 19:29:24,465 INFO o.a.j.t.JMeterThread: Thread finished: Thread Group 1-188
2026-05-26 19:29:24,509 INFO o.a.j.t.JMeterThread: Thread started: Thread Group 1-189
2026-05-26 19:29:24,517 INFO o.a.j.t.JMeterThread: Thread is done: Thread Group 1-189
2026-05-26 19:29:24,517 INFO o.a.j.t.JMeterThread: Thread finished: Thread Group 1-189
2026-05-26 19:29:24,560 INFO o.a.j.t.JMeterThread: Thread started: Thread Group 1-190
2026-05-26 19:29:24,570 INFO o.a.j.t.JMeterThread: Thread is done: Thread Group 1-190
2026-05-26 19:29:24,570 INFO o.a.j.t.JMeterThread: Thread finished: Thread Group 1-190
2026-05-26 19:29:24,608 INFO o.a.j.t.JMeterThread: Thread started: Thread Group 1-191
2026-05-26 19:29:24,615 INFO o.a.j.t.JMeterThread: Thread is done: Thread Group 1-191
2026-05-26 19:29:24,615 INFO o.a.j.t.JMeterThread: Thread finished: Thread Group 1-191
2026-05-26 19:29:24,658 INFO o.a.j.t.JMeterThread: Thread started: Thread Group 1-192
2026-05-26 19:29:24,668 INFO o.a.j.t.JMeterThread: Thread is done: Thread Group 1-192
2026-05-26 19:29:24,668 INFO o.a.j.t.JMeterThread: Thread finished: Thread Group 1-192
2026-05-26 19:29:24,708 INFO o.a.j.t.JMeterThread: Thread started: Thread Group 1-193
2026-05-26 19:29:24,716 INFO o.a.j.t.JMeterThread: Thread is done: Thread Group 1-193
2026-05-26 19:29:24,716 INFO o.a.j.t.JMeterThread: Thread finished: Thread Group 1-193
2026-05-26 19:29:24,759 INFO o.a.j.t.JMeterThread: Thread started: Thread Group 1-194
2026-05-26 19:29:24,768 INFO o.a.j.t.JMeterThread: Thread is done: Thread Group 1-194
2026-05-26 19:29:24,768 INFO o.a.j.t.JMeterThread: Thread finished: Thread Group 1-194
2026-05-26 19:29:24,808 INFO o.a.j.t.JMeterThread: Thread started: Thread Group 1-195
2026-05-26 19:29:24,815 INFO o.a.j.t.JMeterThread: Thread is done: Thread Group 1-195
2026-05-26 19:29:24,815 INFO o.a.j.t.JMeterThread: Thread finished: Thread Group 1-195
2026-05-26 19:29:24,859 INFO o.a.j.t.JMeterThread: Thread started: Thread Group 1-196
2026-05-26 19:29:24,866 INFO o.a.j.t.JMeterThread: Thread is done: Thread Group 1-196
2026-05-26 19:29:24,866 INFO o.a.j.t.JMeterThread: Thread finished: Thread Group 1-196
2026-05-26 19:29:24,909 INFO o.a.j.t.JMeterThread: Thread started: Thread Group 1-197
2026-05-26 19:29:24,916 INFO o.a.j.t.JMeterThread: Thread is done: Thread Group 1-197
2026-05-26 19:29:24,916 INFO o.a.j.t.JMeterThread: Thread finished: Thread Group 1-197
2026-05-26 19:29:24,959 INFO o.a.j.t.JMeterThread: Thread started: Thread Group 1-198
2026-05-26 19:29:24,966 INFO o.a.j.t.JMeterThread: Thread is done: Thread Group 1-198
2026-05-26 19:29:24,966 INFO o.a.j.t.JMeterThread: Thread finished: Thread Group 1-198
2026-05-26 19:29:25,008 INFO o.a.j.t.JMeterThread: Thread started: Thread Group 1-199
2026-05-26 19:29:25,015 INFO o.a.j.t.JMeterThread: Thread is done: Thread Group 1-199
2026-05-26 19:29:25,015 INFO o.a.j.t.JMeterThread: Thread finished: Thread Group 1-199
2026-05-26 19:29:25,059 INFO o.a.j.t.JMeterThread: Thread started: Thread Group 1-200
2026-05-26 19:29:25,067 INFO o.a.j.t.JMeterThread: Thread is done: Thread Group 1-200
2026-05-26 19:29:25,067 INFO o.a.j.t.JMeterThread: Thread finished: Thread Group 1-200
2026-05-26 19:29:25,067 INFO o.a.j.e.StandardJMeterEngine: Notifying test listeners of end of test
2026-05-26 19:29:25,070 INFO o.a.j.r.Summariser: summary =    200 in 00:00:10 =   20.1/s Avg:    11 Min:     3 Max:   216 Err:     0 (0.00%)
2026-05-26 19:29:25,071 INFO o.a.j.JMeter: Generating Dashboard
2026-05-26 19:29:25,071 INFO o.a.j.r.d.ReportGenerator: Flushing result collector before report Generation
2026-05-26 19:29:25,090 INFO o.a.j.r.p.NormalizerSampleConsumer: Using format, 'ms', to parse timeStamp field
2026-05-26 19:29:25,209 INFO o.a.j.r.p.AbstractSampleConsumer: class org.apache.jmeter.report.processor.AggregateConsumer#stopProducing(): beginDate produced 0 samples
2026-05-26 19:29:25,209 INFO o.a.j.r.p.AbstractSampleConsumer: class org.apache.jmeter.report.processor.AggregateConsumer#stopProducing(): endDate produced 0 samples
2026-05-26 19:29:25,212 INFO o.a.j.r.p.AbstractSampleConsumer: class org.apache.jmeter.report.processor.ApdexSummaryConsumer#stopProducing(): apdexSummary produced 0 samples
2026-05-26 19:29:25,212 INFO o.a.j.r.p.AbstractSampleConsumer: class org.apache.jmeter.report.processor.RequestsSummaryConsumer#stopProducing(): requestsSummary produced 0 samples
2026-05-26 19:29:25,216 INFO o.a.j.r.p.AbstractSampleConsumer: class org.apache.jmeter.report.processor.StatisticsSummaryConsumer#stopProducing(): statisticsSummary produced 0 samples
2026-05-26 19:29:25,218 INFO o.a.j.r.p.AbstractSampleConsumer: class org.apache.jmeter.report.processor.Top5ErrorsBySamplerConsumer#stopProducing(): top5ErrorsBySampler produced 0 samples
2026-05-26 19:29:25,218 INFO o.a.j.r.p.AbstractSampleConsumer: class org.apache.jmeter.report.processor.ErrorsSummaryConsumer#stopProducing(): errorsSummary produced 0 samples
2026-05-26 19:29:25,218 INFO o.a.j.r.p.AbstractSampleConsumer: class org.apache.jmeter.report.processor.graph.impl.HitsPerSecondGraphConsumer#stopProducing(): hitsPerSecond produced 0 samples
2026-05-26 19:29:25,242 INFO o.a.j.r.p.AbstractSampleConsumer: class org.apache.jmeter.report.processor.graph.impl.LatencyVSRequestGraphConsumer#stopProducing(): latencyVsRequest produced 0 samples
2026-05-26 19:29:25,242 INFO o.a.j.r.p.AbstractSampleConsumer: class org.apache.jmeter.report.processor.graph.impl.SyntheticResponseTimeDistributionGraphConsumer#stopProducing(): syntheticResponseTimeDistribution produced 0 samples
2026-05-26 19:29:25,243 INFO o.a.j.r.p.AbstractSampleConsumer: class org.apache.jmeter.report.processor.graph.impl.BytesThroughputGraphConsumer#stopProducing(): bytesThroughputOverTime produced 0 samples
2026-05-26 19:29:25,243 INFO o.a.j.r.p.AbstractSampleConsumer: class org.apache.jmeter.report.processor.graph.impl.CodesPerSecondGraphConsumer#stopProducing(): codesPerSecond produced 0 samples
2026-05-26 19:29:25,250 INFO o.a.j.r.p.AbstractSampleConsumer: class org.apache.jmeter.report.processor.graph.impl.ResponseTimeVSRequestGraphConsumer#stopProducing(): responseTimeVsRequest produced 0 samples
2026-05-26 19:29:25,250 INFO o.a.j.r.p.AbstractSampleConsumer: class org.apache.jmeter.report.processor.FilterConsumer#stopProducing(): startIntervalControlerFilter produced 1400 samples
2026-05-26 19:29:25,250 INFO o.a.j.r.p.AbstractSampleConsumer: class org.apache.jmeter.report.processor.graph.impl.TotalTPSGraphConsumer#stopProducing(): totalTPS produced 0 samples
2026-05-26 19:29:25,250 INFO o.a.j.r.p.AbstractSampleConsumer: class org.apache.jmeter.report.processor.graph.impl.ActiveThreadsGraphConsumer#stopProducing(): activeThreadsOverTime produced 0 samples
2026-05-26 19:29:25,250 INFO o.a.j.r.p.AbstractSampleConsumer: class org.apache.jmeter.report.processor.graph.impl.TimeVSThreadGraphConsumer#stopProducing(): timeVsThreads produced 0 samples
2026-05-26 19:29:25,251 INFO o.a.j.r.p.AbstractSampleConsumer: class org.apache.jmeter.report.processor.graph.impl.ResponseTimeDistributionGraphConsumer#stopProducing(): responseTimeDistribution produced 0 samples
2026-05-26 19:29:25,251 INFO o.a.j.r.p.AbstractSampleConsumer: class org.apache.jmeter.report.processor.graph.impl.TransactionsPerSecondGraphConsumer#stopProducing(): transactionsPerSecond produced 0 samples
2026-05-26 19:29:25,251 INFO o.a.j.r.p.AbstractSampleConsumer: class org.apache.jmeter.report.processor.graph.impl.ResponseTimePercentilesGraphConsumer#stopProducing(): responseTimePercentiles produced 0 samples
2026-05-26 19:29:25,251 INFO o.a.j.r.p.AbstractSampleConsumer: class org.apache.jmeter.report.processor.graph.impl.ResponseTimePercentilesOverTimeGraphConsumer#stopProducing(): responseTimePercentilesOverTime produced 0 samples
2026-05-26 19:29:25,252 INFO o.a.j.r.p.AbstractSampleConsumer: class org.apache.jmeter.report.processor.graph.impl.ResponseTimeOverTimeGraphConsumer#stopProducing(): responseTimesOverTime produced 0 samples
2026-05-26 19:29:25,252 INFO o.a.j.r.p.AbstractSampleConsumer: class org.apache.jmeter.report.processor.graph.impl.ConnectTimeOverTimeGraphConsumer#stopProducing(): connectTimeOverTime produced 0 samples
2026-05-26 19:29:25,252 INFO o.a.j.r.p.AbstractSampleConsumer: class org.apache.jmeter.report.processor.graph.impl.LatencyOverTimeGraphConsumer#stopProducing(): latenciesOverTime produced 0 samples
2026-05-26 19:29:25,252 INFO o.a.j.r.p.AbstractSampleConsumer: class org.apache.jmeter.report.processor.FilterConsumer#stopProducing(): nameFilter produced 3000 samples
2026-05-26 19:29:25,252 INFO o.a.j.r.p.AbstractSampleConsumer: class org.apache.jmeter.report.processor.FilterConsumer#stopProducing(): dateRangeFilter produced 600 samples
2026-05-26 19:29:25,252 INFO o.a.j.r.p.AbstractSampleConsumer: class org.apache.jmeter.report.processor.NormalizerSampleConsumer#stopProducing(): normalizer produced 200 samples
2026-05-26 19:29:25,252 INFO o.a.j.r.p.CsvFileSampleSource: produce(): 200 samples produced in 131ms on channel 0
2026-05-26 19:29:25,253 INFO o.a.j.r.d.ReportGenerator: Exporting data using exporter:'json' of className:'org.apache.jmeter.report.dashboard.JsonExporter'
2026-05-26 19:29:25,352 INFO o.a.j.r.d.JsonExporter: Found data for consumer statisticsSummary in context
2026-05-26 19:29:25,352 INFO o.a.j.r.d.JsonExporter: Creating statistics for overall
2026-05-26 19:29:25,353 INFO o.a.j.r.d.JsonExporter: Creating statistics for other transactions
2026-05-26 19:29:25,353 INFO o.a.j.r.d.JsonExporter: Checking output folder
2026-05-26 19:29:25,354 INFO o.a.j.r.d.JsonExporter: Writing statistics JSON to C:\Users\ASUS\Desktop\CURSOS\DESPLIEGUE DE SOFTWARE\examendespliegue\api-orders\reporte_html\statistics.json
2026-05-26 19:29:25,416 INFO o.a.j.r.d.ReportGenerator: Exporting data using exporter:'html' of className:'org.apache.jmeter.report.dashboard.HtmlTemplateExporter'
2026-05-26 19:29:25,418 INFO o.a.j.r.d.HtmlTemplateExporter: Will generate dashboard in folder: C:\Users\ASUS\Desktop\CURSOS\DESPLIEGUE DE SOFTWARE\examendespliegue\api-orders\reporte_html
2026-05-26 19:29:25,530 INFO o.a.j.r.d.HtmlTemplateExporter: Report will be generated in: C:\Users\ASUS\Desktop\CURSOS\DESPLIEGUE DE SOFTWARE\examendespliegue\api-orders\reporte_html, creating folder structure
2026-05-26 19:29:25,533 INFO o.a.j.r.d.TemplateVisitor: Copying folder from 'C:\Jmeter\bin\report-template' to 'C:\Users\ASUS\Desktop\CURSOS\DESPLIEGUE DE SOFTWARE\examendespliegue\api-orders\reporte_html', got message: C:\Users\ASUS\Desktop\CURSOS\DESPLIEGUE DE SOFTWARE\examendespliegue\api-orders\reporte_html, found non empty folder with following content [C:\Users\ASUS\Desktop\CURSOS\DESPLIEGUE DE SOFTWARE\examendespliegue\api-orders\reporte_html\statistics.json], will be ignored
2026-05-26 19:29:26,102 INFO o.a.j.JMeter: Dashboard generated
